{"log":
 [{"message":
   ".> LEAN_PATH=.\\.\\.lake/packages\\Cli\\.lake\\build\\lib;.\\.\\.lake/packages\\batteries\\.lake\\build\\lib;.\\.\\.lake/packages\\Qq\\.lake\\build\\lib;.\\.\\.lake/packages\\aesop\\.lake\\build\\lib;.\\.\\.lake/packages\\proofwidgets\\.lake\\build\\lib;.\\.\\.lake/packages\\importGraph\\.lake\\build\\lib;.\\.\\.lake/packages\\LeanSearchClient\\.lake\\build\\lib;.\\.\\.lake/packages\\plausible\\.lake\\build\\lib;.\\.\\.lake/packages\\mathlib\\.lake\\build\\lib;.\\.\\.lake\\build\\lib PATH c:\\Users\\Max Bobbin\\.elan\\toolchains\\leanprover--lean4---v4.15.0-rc1\\bin\\lean.exe -Dpp.unicode.fun=true -DautoImplicit=false .\\.\\.\\.\\DimensionalAnalysis\\Basic.lean -R .\\.\\.\\. -o .\\.\\.lake\\build\\lib\\DimensionalAnalysis\\Basic.olean -i .\\.\\.lake\\build\\lib\\DimensionalAnalysis\\Basic.ilean -c .\\.\\.lake\\build\\ir\\DimensionalAnalysis\\Basic.c --json",
   "level": "trace"},
  {"message":
   ".\\.\\.\\.\\DimensionalAnalysis\\Basic.lean:137:0: [reduction] unfolded declarations (max: 41, num: 1):\n  [reduction] dimension ↦ 41use `set_option diagnostics.threshold <num>` to control threshold for reporting counters",
   "level": "info"},
  {"message":
   ".\\.\\.\\.\\DimensionalAnalysis\\Basic.lean:152:0: [reduction] unfolded declarations (max: 41, num: 1):\n  [reduction] dimension ↦ 41use `set_option diagnostics.threshold <num>` to control threshold for reporting counters",
   "level": "info"},
  {"message":
   ".\\.\\.\\.\\DimensionalAnalysis\\Basic.lean:167:0: [reduction] unfolded instances (max: 33, num: 3):\n  [reduction] NonUnitalNonAssocSemiring.toAddCommMonoid ↦ 33\n  [reduction] AddCommMonoid.toAddMonoid ↦ 32\n  [reduction] CommRing.toRing ↦ 21[reduction] unfolded reducible declarations (max: 25, num: 1):\n  [reduction] outParam ↦ 25use `set_option diagnostics.threshold <num>` to control threshold for reporting counters",
   "level": "info"},
  {"message":
   ".\\.\\.\\.\\DimensionalAnalysis\\Basic.lean:169:0: [reduction] unfolded reducible declarations (max: 24, num: 1):\n  [reduction] outParam ↦ 24use `set_option diagnostics.threshold <num>` to control threshold for reporting counters",
   "level": "info"},
  {"message":
   ".\\.\\.\\.\\DimensionalAnalysis\\Basic.lean:171:0: [reduction] unfolded reducible declarations (max: 23, num: 1):\n  [reduction] outParam ↦ 23use `set_option diagnostics.threshold <num>` to control threshold for reporting counters",
   "level": "info"},
  {"message":
   ".\\.\\.\\.\\DimensionalAnalysis\\Basic.lean:186:0: [reduction] unfolded reducible declarations (max: 56, num: 2):\n  [reduction] semiOutParam ↦ 56\n  [reduction] outParam ↦ 32use `set_option diagnostics.threshold <num>` to control threshold for reporting counters",
   "level": "info"},
  {"message":
   ".\\.\\.\\.\\DimensionalAnalysis\\Basic.lean:189:0: [reduction] unfolded declarations (max: 23, num: 1):\n  [reduction] dimension ↦ 23[reduction] unfolded instances (max: 30, num: 2):\n  [reduction] AddCommMonoid.toAddMonoid ↦ 30\n  [reduction] NonUnitalNonAssocSemiring.toAddCommMonoid ↦ 30[reduction] unfolded reducible declarations (max: 32, num: 1):\n  [reduction] outParam ↦ 32use `set_option diagnostics.threshold <num>` to control threshold for reporting counters",
   "level": "info"},
  {"message":
   ".\\.\\.\\.\\DimensionalAnalysis\\Basic.lean:194:0: [reduction] unfolded declarations (max: 38, num: 1):\n  [reduction] dimension ↦ 38[reduction] unfolded instances (max: 34, num: 9):\n  [reduction] NonUnitalNonAssocSemiring.toAddCommMonoid ↦ 34\n  [reduction] AddCommMonoid.toAddMonoid ↦ 32\n  [reduction] AddGroup.toSubNegMonoid ↦ 25\n  [reduction] CommRing.toRing ↦ 24\n  [reduction] AddCommGroup.toAddGroup ↦ 23\n  [reduction] NonUnitalSemiring.toNonUnitalNonAssocSemiring ↦ 23\n  [reduction] Ring.toSemiring ↦ 23\n  [reduction] Semiring.toNonUnitalSemiring ↦ 23\n  [reduction] SubNegMonoid.toAddMonoid ↦ 21[reduction] unfolded reducible declarations (max: 52, num: 1):\n  [reduction] outParam ↦ 52use `set_option diagnostics.threshold <num>` to control threshold for reporting counters",
   "level": "info"},
  {"message":
   ".\\.\\.\\.\\DimensionalAnalysis\\Basic.lean:199:0: [reduction] unfolded declarations (max: 36, num: 1):\n  [reduction] dimension ↦ 36[reduction] unfolded instances (max: 29, num: 3):\n  [reduction] NonUnitalNonAssocSemiring.toAddCommMonoid ↦ 29\n  [reduction] AddCommMonoid.toAddMonoid ↦ 27\n  [reduction] instHAdd ↦ 21[reduction] unfolded reducible declarations (max: 50, num: 1):\n  [reduction] outParam ↦ 50use `set_option diagnostics.threshold <num>` to control threshold for reporting counters",
   "level": "info"},
  {"message":
   ".\\.\\.\\.\\DimensionalAnalysis\\Basic.lean:204:0: [reduction] unfolded instances (max: 26, num: 2):\n  [reduction] NonUnitalNonAssocSemiring.toAddCommMonoid ↦ 26\n  [reduction] AddCommMonoid.toAddMonoid ↦ 24[reduction] unfolded reducible declarations (max: 27, num: 1):\n  [reduction] outParam ↦ 27use `set_option diagnostics.threshold <num>` to control threshold for reporting counters",
   "level": "info"},
  {"message":
   ".\\.\\.\\.\\DimensionalAnalysis\\Basic.lean:207:0: [reduction] unfolded instances (max: 26, num: 2):\n  [reduction] NonUnitalNonAssocSemiring.toAddCommMonoid ↦ 26\n  [reduction] AddCommMonoid.toAddMonoid ↦ 24[reduction] unfolded reducible declarations (max: 27, num: 1):\n  [reduction] outParam ↦ 27use `set_option diagnostics.threshold <num>` to control threshold for reporting counters",
   "level": "info"},
  {"message":
   ".\\.\\.\\.\\DimensionalAnalysis\\Basic.lean:210:0: [reduction] unfolded declarations (max: 27, num: 1):\n  [reduction] dimension ↦ 27[reduction] unfolded instances (max: 56, num: 3):\n  [reduction] CommRing.toRing ↦ 56\n  [reduction] Ring.toSemiring ↦ 35\n  [reduction] Semiring.toNonUnitalSemiring ↦ 25[reduction] unfolded reducible declarations (max: 55, num: 1):\n  [reduction] outParam ↦ 55use `set_option diagnostics.threshold <num>` to control threshold for reporting counters",
   "level": "info"},
  {"message":
   ".\\.\\.\\.\\DimensionalAnalysis\\Basic.lean:215:0: [reduction] unfolded instances (max: 78, num: 14):\n  [reduction] CommRing.toRing ↦ 78\n  [reduction] Ring.toSemiring ↦ 56\n  [reduction] Semiring.toNonUnitalSemiring ↦ 41\n  [reduction] NonUnitalNonAssocSemiring.toAddCommMonoid ↦ 38\n  [reduction] AddCommMonoid.toAddMonoid ↦ 37\n  [reduction] NonUnitalSemiring.toNonUnitalNonAssocSemiring ↦ 35\n  [reduction] AddGroup.toSubNegMonoid ↦ 33\n  [reduction] SubNegMonoid.toAddMonoid ↦ 27\n  [reduction] AddCommGroup.toAddGroup ↦ 22\n  [reduction] CommRing.toNonUnitalCommRing ↦ 22\n  [reduction] NonUnitalCommRing.toNonUnitalNonAssocCommRing ↦ 22\n  [reduction] NonUnitalCommRing.toNonUnitalRing ↦ 22\n  [reduction] NonUnitalNonAssocCommRing.toNonUnitalNonAssocRing ↦ 22\n  [reduction] NonUnitalRing.toNonUnitalNonAssocRing ↦ 22[reduction] unfolded reducible declarations (max: 29, num: 1):\n  [reduction] outParam ↦ 29use `set_option diagnostics.threshold <num>` to control threshold for reporting counters",
   "level": "info"},
  {"message":
   ".\\.\\.\\.\\DimensionalAnalysis\\Basic.lean:223:0: [reduction] unfolded instances (max: 21, num: 1):\n  [reduction] CommRing.toRing ↦ 21[reduction] unfolded reducible declarations (max: 21, num: 1):\n  [reduction] outParam ↦ 21use `set_option diagnostics.threshold <num>` to control threshold for reporting counters",
   "level": "info"},
  {"message":
   ".\\.\\.\\.\\DimensionalAnalysis\\Basic.lean:228:0: [reduction] unfolded instances (max: 44, num: 6):\n  [reduction] CommRing.toRing ↦ 44\n  [reduction] Ring.toSemiring ↦ 42\n  [reduction] Semiring.toNonUnitalSemiring ↦ 31\n  [reduction] AddCommMonoid.toAddMonoid ↦ 28\n  [reduction] NonUnitalNonAssocSemiring.toAddCommMonoid ↦ 28\n  [reduction] NonUnitalSemiring.toNonUnitalNonAssocSemiring ↦ 26[reduction] unfolded reducible declarations (max: 54, num: 1):\n  [reduction] outParam ↦ 54use `set_option diagnostics.threshold <num>` to control threshold for reporting counters",
   "level": "info"},
  {"message":
   ".\\.\\.\\.\\DimensionalAnalysis\\Basic.lean:233:0: [reduction] unfolded declarations (max: 109, num: 6):\n  [reduction] dimension ↦ 109\n  [reduction] NonUnitalNonAssocSemiring.toMul ↦ 88\n  [reduction] NonUnitalNonAssocRing.toMul ↦ 31\n  [reduction] HMul.hMul ↦ 25\n  [reduction] Mul.mul ↦ 25\n  [reduction] Semiring.toNatCast ↦ 21[reduction] unfolded instances (max: 468, num: 44):\n  [reduction] CommRing.toRing ↦ 468\n  [reduction] Ring.toSemiring ↦ 391\n  [reduction] Semiring.toNonUnitalSemiring ↦ 320\n  [reduction] NonUnitalSemiring.toNonUnitalNonAssocSemiring ↦ 277\n  [reduction] NonUnitalNonAssocSemiring.toAddCommMonoid ↦ 191\n  [reduction] AddCommMonoid.toAddMonoid ↦ 166\n  [reduction] CommRing.toCommSemiring ↦ 144\n  [reduction] CommSemiring.toSemiring ↦ 144\n  [reduction] Semiring.toNonAssocSemiring ↦ 106\n  [reduction] NonAssocSemiring.toNonUnitalNonAssocSemiring ↦ 99\n  [reduction] NonUnitalNonAssocCommRing.toNonUnitalNonAssocCommSemiring ↦ 86\n  [reduction] NonUnitalNonAssocCommSemiring.toNonUnitalNonAssocSemiring ↦ 86\n  [reduction] CommRing.toNonUnitalCommRing ↦ 82\n  [reduction] NonUnitalCommRing.toNonUnitalNonAssocCommRing ↦ 82\n  [reduction] NonUnitalCommRing.toNonUnitalRing ↦ 82\n  [reduction] NonUnitalNonAssocCommRing.toNonUnitalNonAssocRing ↦ 82\n  [reduction] NonUnitalRing.toNonUnitalNonAssocRing ↦ 82\n  [reduction] AddGroup.toSubNegMonoid ↦ 81\n  [reduction] Ring.toAddGroupWithOne ↦ 79\n  [reduction] AddCommGroup.toAddGroup ↦ 76\n  [reduction] AddGroupWithOne.toAddMonoidWithOne ↦ 73\n  [reduction] SubNegMonoid.toAddMonoid ↦ 67\n  [reduction] AddMonoid.toAddSemigroup ↦ 63\n  [reduction] AddMonoidWithOne.toAddMonoid ↦ 60\n  [reduction] AddMonoidWithOne.toNatCast ↦ 56\n  [reduction] NonUnitalNonAssocRing.toAddCommGroup ↦ 55\n  [reduction] RCLike.toDenselyNormedField ↦ 55\n  [reduction] Field.toCommRing ↦ 50\n  [reduction] NonUnitalNonAssocSemiring.toDistrib ↦ 49\n  [reduction] DenselyNormedField.toNormedField ↦ 46\n  [reduction] Distrib.toMul ↦ 39\n  [reduction] AddSemigroup.toAdd ↦ 38\n  [reduction] NormedField.toField ↦ 37\n  [reduction] instHAdd ↦ 34\n  [reduction] MulZeroOneClass.toMulOneClass ↦ 28\n  [reduction] NonAssocSemiring.toMulZeroOneClass ↦ 28\n  [reduction] Semigroup.toMul ↦ 26\n  [reduction] instHMul ↦ 25\n  [reduction] AddGroupWithOne.toIntCast ↦ 24\n  [reduction] SubtractionMonoid.toSubNegMonoid ↦ 24\n  [reduction] instMul ↦ 24\n  [reduction] MulOneClass.toMul ↦ 22\n  [reduction] SubtractionCommMonoid.toSubtractionMonoid ↦ 22\n  [reduction] Monoid.toSemigroup ↦ 21[reduction] unfolded reducible declarations (max: 166, num: 4):\n  [reduction] Nat.cast ↦ 166\n  [reduction] outParam ↦ 64\n  [reduction] Int.cast ↦ 45\n  [reduction] semiOutParam ↦ 22[type_class] used instances (max: 24, num: 6):\n  [type_class] Pi.instNatCast ↦ 24\n  [type_class] DenselyNormedField.toNontriviallyNormedField ↦ 22\n  [type_class] DenselyNormedField.toNormedField ↦ 22\n  [type_class] NontriviallyNormedField.toNormedField ↦ 22\n  [type_class] NormedLinearOrderedField.toNormedField ↦ 22\n  [type_class] RCLike.toDenselyNormedField ↦ 22[def_eq] heuristic for solving `f a =?= f b` (max: 75, num: 4):\n  [def_eq] dimension ↦ 75\n  [def_eq] Nat.cast ↦ 49\n  [def_eq] instHAdd ↦ 27\n  [def_eq] instHMul ↦ 22[kernel] unfolded declarations (max: 142, num: 21):\n  [kernel] HMul.hMul ↦ 142\n  [kernel] Mul.mul ↦ 142\n  [kernel] OfNat.ofNat ↦ 64\n  [kernel] AddCommMonoid.toAddMonoid ↦ 57\n  [kernel] dimension ↦ 54\n  [kernel] HAdd.hAdd ↦ 52\n  [kernel] NonUnitalNonAssocSemiring.toMul ↦ 52\n  [kernel] Ring.toSemiring ↦ 50\n  [kernel] instHMul ↦ 44\n  [kernel] Add.add ↦ 40\n  [kernel] NonUnitalSemiring.toNonUnitalNonAssocSemiring ↦ 32\n  [kernel] Semiring.toNonUnitalSemiring ↦ 32\n  [kernel] AddMonoid.toAddSemigroup ↦ 29\n  [kernel] AddSemigroup.toAdd ↦ 29\n  [kernel] SubNegMonoid.toAddMonoid ↦ 25\n  [kernel] outParam ↦ 24\n  [kernel] Neg.neg ↦ 24\n  [kernel] Distrib.toMul ↦ 21\n  [kernel] NonUnitalNonAssocSemiring.toAddCommMonoid ↦ 21\n  [kernel] dimension.pow ↦ 21\n  [kernel] pow.match_1 ↦ 21use `set_option diagnostics.threshold <num>` to control threshold for reporting counters",
   "level": "info"},
  {"message":
   ".\\.\\.\\.\\DimensionalAnalysis\\Basic.lean:274:0: [reduction] unfolded instances (max: 227, num: 12):\n  [reduction] CommRing.toRing ↦ 227\n  [reduction] Ring.toSemiring ↦ 207\n  [reduction] Semiring.toNonUnitalSemiring ↦ 197\n  [reduction] NonUnitalSemiring.toNonUnitalNonAssocSemiring ↦ 165\n  [reduction] CommSemiring.toSemiring ↦ 163\n  [reduction] CommRing.toCommSemiring ↦ 156\n  [reduction] NonAssocSemiring.toNonUnitalNonAssocSemiring ↦ 124\n  [reduction] Semiring.toNonAssocSemiring ↦ 124\n  [reduction] NonUnitalNonAssocSemiring.toAddCommMonoid ↦ 54\n  [reduction] AddCommMonoid.toAddMonoid ↦ 39\n  [reduction] NormedField.toField ↦ 36\n  [reduction] Field.toCommRing ↦ 24[reduction] unfolded reducible declarations (max: 72, num: 2):\n  [reduction] outParam ↦ 72\n  [reduction] FunLike ↦ 41[type_class] used instances (max: 42, num: 1):\n  [type_class] Pi.commSemiring ↦ 42[kernel] unfolded declarations (max: 40, num: 7):\n  [kernel] HAdd.hAdd ↦ 40\n  [kernel] HMul.hMul ↦ 36\n  [kernel] Add.add ↦ 32\n  [kernel] Ring.toSemiring ↦ 27\n  [kernel] Semiring.toNonUnitalSemiring ↦ 27\n  [kernel] Mul.mul ↦ 24\n  [kernel] NonUnitalSemiring.toNonUnitalNonAssocSemiring ↦ 24use `set_option diagnostics.threshold <num>` to control threshold for reporting counters",
   "level": "info"}],
 "depHash": "14784921830363991469"}